# JRE version: OpenJDK Runtime Environment (17.0.6) (build 17.0.6+0-b2043.56-10027231)
# Java VM: OpenJDK 64-Bit Server VM (17.0.6+0-b2043.56-10027231, mixed mode, tiered, compressed oops, compressed class ptrs, g1 gc, windows-amd64)
GC Precious Log:
 CPUs: 16 total, 16 available
 Memory: 15789M
 Large Page Support: Disabled
 NUMA Support: Disabled
 Compressed Oops: Enabled (32-bit)
 Heap Region Size: 1M
 Heap Min Capacity: 8M
 Heap Initial Capacity: 248M
 Heap Max Capacity: 2G
 Pre-touch: Disabled
 Parallel Workers: 13
 Concurrent Workers: 3
 Concurrent Refinement Workers: 13
 Periodic GC: Disabled
Heap:
 garbage-first heap   total 296960K, used 178021K [0x0000000080000000, 0x0000000100000000)
  region size 1024K, 5 young (5120K), 5 survivors (5120K)
 Metaspace       used 104008K, committed 104704K, reserved 1146880K
  class space    used 14301K, committed 14656K, reserved 1048576K
GC Heap History (20 events):
Event: 15.214 GC heap after
{Heap after GC invocations=47 (full 0):
 garbage-first heap   total 152576K, used 83776K [0x0000000080000000, 0x0000000100000000)
  region size 1024K, 1 young (1024K), 1 survivors (1024K)
 Metaspace       used 95233K, committed 96000K, reserved 1138688K
  class space    used 12887K, committed 13248K, reserved 1048576K
}
Event: 15.646 GC heap before
{Heap before GC invocations=47 (full 0):
 garbage-first heap   total 152576K, used 124736K [0x0000000080000000, 0x0000000100000000)
  region size 1024K, 42 young (43008K), 1 survivors (1024K)
 Metaspace       used 95647K, committed 96320K, reserved 1138688K
  class space    used 12922K, committed 13248K, reserved 1048576K
}
Event: 15.651 GC heap after
{Heap after GC invocations=48 (full 0):
 garbage-first heap   total 232448K, used 86630K [0x0000000080000000, 0x0000000100000000)
  region size 1024K, 4 young (4096K), 4 survivors (4096K)
 Metaspace       used 95647K, committed 96320K, reserved 1138688K
  class space    used 12922K, committed 13248K, reserved 1048576K
}
Event: 16.256 GC heap before
{Heap before GC invocations=49 (full 0):
 garbage-first heap   total 232448K, used 184934K [0x0000000080000000, 0x0000000100000000)
  region size 1024K, 101 young (103424K), 4 survivors (4096K)
 Metaspace       used 96015K, committed 96640K, reserved 1138688K
  class space    used 12957K, committed 13248K, reserved 1048576K
}
Event: 16.263 GC heap after
{Heap after GC invocations=50 (full 0):
 garbage-first heap   total 232448K, used 92702K [0x0000000080000000, 0x0000000100000000)
  region size 1024K, 10 young (10240K), 10 survivors (10240K)
 Metaspace       used 96015K, committed 96640K, reserved 1138688K
  class space    used 12957K, committed 13248K, reserved 1048576K
}
Event: 16.270 GC heap before
{Heap before GC invocations=50 (full 0):
 garbage-first heap   total 232448K, used 93726K [0x0000000080000000, 0x0000000100000000)
  region size 1024K, 11 young (11264K), 10 survivors (10240K)
 Metaspace       used 96019K, committed 96640K, reserved 1138688K
  class space    used 12957K, committed 13248K, reserved 1048576K
}
Event: 16.275 GC heap after
{Heap after GC invocations=51 (full 0):
 garbage-first heap   total 232448K, used 93597K [0x0000000080000000, 0x0000000100000000)
  region size 1024K, 2 young (2048K), 2 survivors (2048K)
 Metaspace       used 96019K, committed 96640K, reserved 1138688K
  class space    used 12957K, committed 13248K, reserved 1048576K
}
Event: 16.647 GC heap before
{Heap before GC invocations=51 (full 0):
 garbage-first heap   total 232448K, used 166301K [0x0000000080000000, 0x0000000100000000)
  region size 1024K, 75 young (76800K), 2 survivors (2048K)
 Metaspace       used 96692K, committed 97344K, reserved 1138688K
  class space    used 13065K, committed 13376K, reserved 1048576K
}
Event: 16.651 GC heap after
{Heap after GC invocations=52 (full 0):
 garbage-first heap   total 232448K, used 95996K [0x0000000080000000, 0x0000000100000000)
  region size 1024K, 4 young (4096K), 4 survivors (4096K)
 Metaspace       used 96692K, committed 97344K, reserved 1138688K
  class space    used 13065K, committed 13376K, reserved 1048576K
}
Event: 17.295 GC heap before
{Heap before GC invocations=53 (full 0):
 garbage-first heap   total 232448K, used 218876K [0x0000000080000000, 0x0000000100000000)
  region size 1024K, 65 young (66560K), 4 survivors (4096K)
 Metaspace       used 101392K, committed 102080K, reserved 1138688K
  class space    used 13854K, committed 14144K, reserved 1048576K
}
Event: 17.304 GC heap after
{Heap after GC invocations=54 (full 0):
 garbage-first heap   total 243712K, used 153759K [0x0000000080000000, 0x0000000100000000)
  region size 1024K, 12 young (12288K), 12 survivors (12288K)
 Metaspace       used 101392K, committed 102080K, reserved 1138688K
  class space    used 13854K, committed 14144K, reserved 1048576K
}
Event: 17.306 GC heap before
{Heap before GC invocations=54 (full 0):
 garbage-first heap   total 243712K, used 156831K [0x0000000080000000, 0x0000000100000000)
  region size 1024K, 13 young (13312K), 12 survivors (12288K)
 Metaspace       used 101394K, committed 102080K, reserved 1138688K
  class space    used 13855K, committed 14144K, reserved 1048576K
}
Event: 17.311 GC heap after
{Heap after GC invocations=55 (full 0):
 garbage-first heap   total 243712K, used 152278K [0x0000000080000000, 0x0000000100000000)
  region size 1024K, 2 young (2048K), 2 survivors (2048K)
 Metaspace       used 101394K, committed 102080K, reserved 1138688K
  class space    used 13855K, committed 14144K, reserved 1048576K
}
Event: 17.311 GC heap before
{Heap before GC invocations=55 (full 0):
 garbage-first heap   total 243712K, used 152278K [0x0000000080000000, 0x0000000100000000)
  region size 1024K, 3 young (3072K), 2 survivors (2048K)
 Metaspace       used 101394K, committed 102080K, reserved 1138688K
  class space    used 13855K, committed 14144K, reserved 1048576K
}
Event: 17.314 GC heap after
{Heap after GC invocations=56 (full 0):
 garbage-first heap   total 243712K, used 152132K [0x0000000080000000, 0x0000000100000000)
  region size 1024K, 2 young (2048K), 2 survivors (2048K)
 Metaspace       used 101394K, committed 102080K, reserved 1138688K
  class space    used 13855K, committed 14144K, reserved 1048576K
}
Event: 17.565 GC heap before
{Heap before GC invocations=57 (full 0):
 garbage-first heap   total 296960K, used 210500K [0x0000000080000000, 0x0000000100000000)
  region size 1024K, 45 young (46080K), 2 survivors (2048K)
 Metaspace       used 103487K, committed 104256K, reserved 1146880K
  class space    used 14192K, committed 14592K, reserved 1048576K
}
Event: 17.577 GC heap after
{Heap after GC invocations=58 (full 0):
 garbage-first heap   total 296960K, used 171707K [0x0000000080000000, 0x0000000100000000)
  region size 1024K, 6 young (6144K), 6 survivors (6144K)
 Metaspace       used 103487K, committed 104256K, reserved 1146880K
  class space    used 14192K, committed 14592K, reserved 1048576K
}
Event: 17.614 GC heap before
{Heap before GC invocations=58 (full 0):
 garbage-first heap   total 296960K, used 178875K [0x0000000080000000, 0x0000000100000000)
  region size 1024K, 14 young (14336K), 6 survivors (6144K)
 Metaspace       used 103739K, committed 104448K, reserved 1146880K
  class space    used 14238K, committed 14592K, reserved 1048576K
}
Event: 17.622 GC heap after
{Heap after GC invocations=59 (full 0):
 garbage-first heap   total 296960K, used 175103K [0x0000000080000000, 0x0000000100000000)
  region size 1024K, 2 young (2048K), 2 survivors (2048K)
 Metaspace       used 103739K, committed 104448K, reserved 1146880K
  class space    used 14238K, committed 14592K, reserved 1048576K
}
Event: 17.668 GC heap before
{Heap before GC invocations=59 (full 0):
 garbage-first heap   total 296960K, used 183295K [0x0000000080000000, 0x0000000100000000)
  region size 1024K, 11 young (11264K), 2 survivors (2048K)
 Metaspace       used 104008K, committed 104704K, reserved 1146880K
  class space    used 14301K, committed 14656K, reserved 1048576K
}

